

*******************************************************************************
Sat Mar 18 14:01:48 2023


FIT:    data read from 'heapsort.dat'
        format = z
        #datapoints = 35
        residuals are weighted equally (unit weight)

function used for fitting: f(x)
	f(x)=(a1*x*logx)+a0
fitted parameters initialized with current variable values



*******************************************************************************
Sat Mar 18 14:02:32 2023


FIT:    data read from 'heapsort.dat'
        format = z
        #datapoints = 35
        residuals are weighted equally (unit weight)

function used for fitting: f(x)
	f(x)=(a1*x*log(x))+a0
fitted parameters initialized with current variable values

iter      chisq       delta/lim  lambda   a1            a0           
   0 7.3684087953e+15   0.00e+00  1.03e+07    1.000000e+00   1.000000e+00
   4 9.0482321760e+00  -1.78e-02  1.03e+03   -4.704458e-08   9.999999e-01

After 4 iterations the fit converged.
final sum of squares of residuals : 9.04823
rel. change during last iteration : -1.78098e-07

degrees of freedom    (FIT_NDF)                        : 33
rms of residuals      (FIT_STDFIT) = sqrt(WSSR/ndf)    : 0.52363
variance of residuals (reduced chisquare) = WSSR/ndf   : 0.274189

Final set of parameters            Asymptotic Standard Error
=======================            ==========================
a1              = -4.70446e-08     +/- 1.202e-08    (25.54%)
a0              = 1                +/- 0.1744       (17.44%)

correlation matrix of the fit parameters:
                a1     a0     
a1              1.000 
a0             -0.862  1.000 


*******************************************************************************
Sat Mar 18 14:04:53 2023


FIT:    data read from 'heapsort.dat'
        format = z
        x range restricted to [-565541. : 1.68446e+06]
        #datapoints = 33
        residuals are weighted equally (unit weight)

function used for fitting: f(x)
	f(x)=(a1*x*log(x))
fitted parameters initialized with current variable values

iter      chisq       delta/lim  lambda   a1           
   0 2.1662055304e+01   0.00e+00  6.42e-01   -4.704458e-08
   4 1.3675226072e-04  -1.39e-10  6.42e-05    1.234869e-08

After 4 iterations the fit converged.
final sum of squares of residuals : 0.000136752
rel. change during last iteration : -1.38744e-15

degrees of freedom    (FIT_NDF)                        : 32
rms of residuals      (FIT_STDFIT) = sqrt(WSSR/ndf)    : 0.00206725
variance of residuals (reduced chisquare) = WSSR/ndf   : 4.27351e-06

Final set of parameters            Asymptotic Standard Error
=======================            ==========================
a1              = 1.23487e-08      +/- 2.638e-11    (0.2136%)


*******************************************************************************
Sat Mar 18 14:09:21 2023


FIT:    data read from 'heapsort.dat'
        format = z
        #datapoints = 35
        residuals are weighted equally (unit weight)

function used for fitting: f(x)
	f(x)=(a0*x*log2(x))
fitted parameters initialized with current variable values



*******************************************************************************
Sat Mar 18 14:09:24 2023


FIT:    data read from 'heapsort.dat'
        format = z
        #datapoints = 35
        residuals are weighted equally (unit weight)

function used for fitting: f(x)
	f(x)=(a0*x*log2(x))
fitted parameters initialized with current variable values



*******************************************************************************
Sat Mar 18 14:10:18 2023


FIT:    data read from 'heapsort.dat'
        format = z
        #datapoints = 35
        residuals are weighted equally (unit weight)

function used for fitting: f(x)
	f(x)=(a0*x*(log(x)/log(2)))
fitted parameters initialized with current variable values

iter      chisq       delta/lim  lambda   a0           
   0 1.5336375801e+16   0.00e+00  2.09e+07    1.000000e+00
   5 1.4426864292e-04  -3.01e-10  2.09e+02    8.549798e-09

After 5 iterations the fit converged.
final sum of squares of residuals : 0.000144269
rel. change during last iteration : -3.00606e-15

degrees of freedom    (FIT_NDF)                        : 34
rms of residuals      (FIT_STDFIT) = sqrt(WSSR/ndf)    : 0.0020599
variance of residuals (reduced chisquare) = WSSR/ndf   : 4.2432e-06

Final set of parameters            Asymptotic Standard Error
=======================            ==========================
a0              = 8.5498e-09       +/- 1.663e-11    (0.1945%)
