

*******************************************************************************
Sat Mar 18 14:25:28 2023


FIT:    data read from 'mergesort.dat'
        format = z
        #datapoints = 35
        residuals are weighted equally (unit weight)

function used for fitting: f(x)
	f(x)=a0*x*(log(x)/log(2))
fitted parameters initialized with current variable values

iter      chisq       delta/lim  lambda   a0           
   0 1.5336375722e+16   0.00e+00  2.09e+07    1.000000e+00
   5 1.3756734152e-02  -2.52e-11  2.09e+04    1.111993e-08

After 5 iterations the fit converged.
final sum of squares of residuals : 0.0137567
rel. change during last iteration : -2.522e-16

degrees of freedom    (FIT_NDF)                        : 34
rms of residuals      (FIT_STDFIT) = sqrt(WSSR/ndf)    : 0.0201149
variance of residuals (reduced chisquare) = WSSR/ndf   : 0.00040461

Final set of parameters            Asymptotic Standard Error
=======================            ==========================
a0              = 1.11199e-08      +/- 1.624e-10    (1.461%)


*******************************************************************************
Sat Mar 18 14:27:56 2023


FIT:    data read from 'mergesort.dat'
        format = z
        #datapoints = 35
        residuals are weighted equally (unit weight)

function used for fitting: f(x)
	f(x)=a0*x*(log(x)/log(2))
fitted parameters initialized with current variable values

iter      chisq       delta/lim  lambda   a0           
   0 1.3424203517e-02   0.00e+00  2.33e-01    1.111993e-08
   2 1.3419006374e-02  -2.99e-02  2.33e-03    1.113834e-08

After 2 iterations the fit converged.
final sum of squares of residuals : 0.013419
rel. change during last iteration : -2.9884e-07

degrees of freedom    (FIT_NDF)                        : 34
rms of residuals      (FIT_STDFIT) = sqrt(WSSR/ndf)    : 0.0198665
variance of residuals (reduced chisquare) = WSSR/ndf   : 0.000394677

Final set of parameters            Asymptotic Standard Error
=======================            ==========================
a0              = 1.11383e-08      +/- 1.604e-10    (1.44%)


*******************************************************************************
Sun Mar 19 14:48:32 2023


FIT:    data read from 'mergesort.dat'
        format = z
        #datapoints = 35
        residuals are weighted equally (unit weight)

function used for fitting: f(x)
	f(x)=a0*x*(log(x)/log(2))
fitted parameters initialized with current variable values

iter      chisq       delta/lim  lambda   a0           
   0 1.5336375721e+16   0.00e+00  2.09e+07    1.000000e+00
   5 1.3419006374e-02   0.00e+00  2.09e+04    1.113834e-08

After 5 iterations the fit converged.
final sum of squares of residuals : 0.013419
rel. change during last iteration : 0

degrees of freedom    (FIT_NDF)                        : 34
rms of residuals      (FIT_STDFIT) = sqrt(WSSR/ndf)    : 0.0198665
variance of residuals (reduced chisquare) = WSSR/ndf   : 0.000394677

Final set of parameters            Asymptotic Standard Error
=======================            ==========================
a0              = 1.11383e-08      +/- 1.604e-10    (1.44%)


*******************************************************************************
Sun Mar 19 14:50:23 2023


FIT:    data read from 'mergesort.dat'
        format = z
        #datapoints = 35
        residuals are weighted equally (unit weight)

function used for fitting: g(x)
	g(x)=(b1*x*(log(x)/log(2))+b0)
fitted parameters initialized with current variable values

iter      chisq       delta/lim  lambda   b1            b0           
   0 1.5336376984e+16   0.00e+00  1.48e+07    1.000000e+00   1.000000e+00
   4 8.9644854167e+00  -9.63e-03  1.48e+03   -3.002028e-08   9.999999e-01

After 4 iterations the fit converged.
final sum of squares of residuals : 8.96449
rel. change during last iteration : -9.63459e-08

degrees of freedom    (FIT_NDF)                        : 33
rms of residuals      (FIT_STDFIT) = sqrt(WSSR/ndf)    : 0.521202
variance of residuals (reduced chisquare) = WSSR/ndf   : 0.271651

Final set of parameters            Asymptotic Standard Error
=======================            ==========================
b1              = -3.00203e-08     +/- 8.291e-09    (27.62%)
b0              = 1                +/- 0.1735       (17.35%)

correlation matrix of the fit parameters:
                b1     b0     
b1              1.000 
b0             -0.862  1.000 


*******************************************************************************
Sun Mar 19 14:51:23 2023


FIT:    data read from 'mergesort.dat'
        format = z
        #datapoints = 35
        residuals are weighted equally (unit weight)

function used for fitting: h(x)
	h(x)=(c1*x)+c0
fitted parameters initialized with current variable values

iter      chisq       delta/lim  lambda   c1            c0           
   0 3.7275046158e+13   0.00e+00  7.30e+05    1.000000e+00   1.000000e+00
   9 1.3252111881e-02  -6.86e-02  7.30e-04    2.311045e-07  -6.134195e-03

After 9 iterations the fit converged.
final sum of squares of residuals : 0.0132521
rel. change during last iteration : -6.85707e-07

degrees of freedom    (FIT_NDF)                        : 33
rms of residuals      (FIT_STDFIT) = sqrt(WSSR/ndf)    : 0.0200394
variance of residuals (reduced chisquare) = WSSR/ndf   : 0.000401579

Final set of parameters            Asymptotic Standard Error
=======================            ==========================
c1              = 2.31104e-07      +/- 6.708e-09    (2.903%)
c0              = -0.00613419      +/- 0.006922     (112.8%)

correlation matrix of the fit parameters:
                c1     c0     
c1              1.000 
c0             -0.872  1.000 
